<?xml version="1.0" encoding="UTF-8"?>
<testng-results ignored="0" total="1" passed="1" failed="0" skipped="0">
  <reporter-output>
  </reporter-output>
  <suite started-at="2024-05-21T14:58:17 EDT" name="Default suite" finished-at="2024-05-21T14:58:17 EDT" duration-ms="281">
    <groups>
      <group name="cucumber">
        <method signature="AbstractTestNGCucumberTests.feature(cucumber.api.testng.CucumberFeatureWrapper)[pri:0, instance:Test_run.runnig_class@738dc9b]" name="feature" class="cucumber.api.testng.AbstractTestNGCucumberTests"/>
      </group> <!-- cucumber -->
    </groups>
    <test started-at="2024-05-21T14:58:17 EDT" name="Default test" finished-at="2024-05-21T14:58:17 EDT" duration-ms="281">
      <class name="Test_run.runnig_class">
        <test-method is-config="true" signature="setUpClass()[pri:0, instance:Test_run.runnig_class@738dc9b]" started-at="2024-05-21T14:58:17 EDT" name="setUpClass" finished-at="2024-05-21T14:58:17 EDT" duration-ms="132" status="PASS">
          <reporter-output>
          </reporter-output>
        </test-method> <!-- setUpClass -->
        <test-method signature="feature(cucumber.api.testng.CucumberFeatureWrapper)[pri:0, instance:Test_run.runnig_class@738dc9b]" started-at="2024-05-21T14:58:17 EDT" name="feature" description="Runs Cucumber Feature" data-provider="features" finished-at="2024-05-21T14:58:17 EDT" duration-ms="37" status="PASS">
          <params>
            <param index="0">
              <value>
                <![CDATA[This is our first feature]]>
              </value>
            </param>
          </params>
          <reporter-output>
          </reporter-output>
        </test-method> <!-- feature -->
        <test-method is-config="true" signature="tearDownClass()[pri:0, instance:Test_run.runnig_class@738dc9b]" started-at="2024-05-21T14:58:17 EDT" name="tearDownClass" finished-at="2024-05-21T14:58:17 EDT" duration-ms="28" status="PASS">
          <reporter-output>
          </reporter-output>
        </test-method> <!-- tearDownClass -->
      </class> <!-- Test_run.runnig_class -->
    </test> <!-- Default test -->
  </suite> <!-- Default suite -->
</testng-results>
